LinearRegression(copy_X=True, fit_intercept=True, n_jobs=1, normalize=False)
INTERCEPT:  -381226959.378
COEFFICIENT shape:  (2,)
COEFFICIENT values:  [   0.          518.16753043]
SCORE values:  0.00143736570662
LinearRegression(copy_X=True, fit_intercept=True, n_jobs=1, normalize=False)
INTERCEPT:  -389877562.447
COEFFICIENT shape:  (6,)
COEFFICIENT values:  [      0.             529.91928129   61606.24451376  -17986.36527654
    6258.23914332 -233829.66560826]
SCORE values:  0.728415013278
LinearRegression(copy_X=True, fit_intercept=True, n_jobs=1, normalize=False)
INTERCEPT:  -412308031.565
COEFFICIENT shape:  (33,)
COEFFICIENT values:  [      0.             560.38948426   53426.57843043   27738.71923034
   40981.83006754   35062.40486899   21633.12252759  -36314.50505191
 -142528.15007297 -192880.42357178 -198777.65567339 -199275.14211649
 -193085.94284555 -178888.62592755 -146893.64178242  -17176.10917814
  118995.36460261  199514.36835558  247904.60684221  203914.47277982
  194290.71182691  196636.02874491  183523.32605507  197508.56510216
  190839.99966722  142902.15972248   79965.20269114  -70366.04471683
 -103079.60008069 -138330.16495517 -157040.3186254  -173929.80562896
 -186271.33128776]
SCORE values:  0.827962965234
LinearRegression(copy_X=True, fit_intercept=True, n_jobs=1, normalize=False)
INTERCEPT:  -462390460.871
COEFFICIENT shape:  (170,)
COEFFICIENT values:  [      0.             628.42433077 -190772.18600362 -196093.12056024
 -197010.30448835 -188569.36404497 -172804.29860159 -136549.6075297
   21625.70791368  200434.14835707  317772.71442896  383416.15487234
  319339.34531572  301780.16138761  306468.22683099  296567.41727438
  306028.60834626  302222.17378965  226608.98923303  153237.05530492
  -32102.0042517   -83446.68880832 -128860.24773643 -150882.05729305
 -172617.11684966 -185421.92577778 -189678.98533439 -196922.41989101
 -197790.72881912 -190751.03837574 -174489.34793236 -138292.40686047
   13255.78358291  167480.5990263   255424.54009818  319262.35554157
  273695.04598495  254749.11205684  249334.05250022  230038.2429436
  250366.30901549  242164.49945887  190526.81490226  119315.63097415
  -66226.55358247  -91814.02083853 -133201.20476665 -155441.67503755
 -175780.00245131 -187886.04352228 -190031.94236461 -195336.98406408
 -195471.59656362 -188940.35254881 -174052.53710543 -135101.5781764
   21612.09440984  175126.62413894  271335.0116394   328749.68422564
  273899.49966902  284675.88716948  282612.27404143  266567.51805625
  292398.47698528  285467.72100009  234733.25072919  153181.63822964
  -45480.26061269  -89478.58802645 -132843.05766885 -155253.3850826
 -175349.99821065 -188872.32499591 -190638.08098109 -195788.12268057
 -195580.02089439 -190236.91973673 -174671.10429334 -135442.71679289
   20340.52722193  181711.77123674  269407.01588006  323282.68846629
  274524.07533825  266499.46283871  258792.13542495  243653.80801119
  271472.19551165  264922.15381217  215976.1121127   136063.07104173
  -51592.39922917  -91695.72664293 -132645.91057105 -153604.66655623
 -170090.56539856 -184210.74932668 -191203.64816901 -196652.97558277
 -196669.87379659 -190917.91549607 -174182.52862411 -132024.2839808
   18702.53146259  167811.7754774   245764.59154928  285202.54984981
  233359.65100748  234754.32422222  266827.99680846  240842.52653756
  257557.34260945  238911.44376712  173697.40206764  105982.93242524
  -67904.39498851 -113116.29383085 -146517.04918753 -160803.23374415
 -175495.56115791 -187414.88794316 -190778.78678549 -196971.39991354
 -197658.7266988  -191814.05411255 -180967.81009774 -161470.85116871
  -51977.46429676   58073.06543234  142297.88150423  192173.41123332
  159853.79810528  138745.18560574  133830.14390626  124661.67363536
  120194.20399296  107267.73372206   62693.4063083     4806.65095162
 -108492.39074786 -131489.28959019 -153513.04494687 -168339.22950349
 -178609.55691725 -188378.02655965 -190728.21111626 -197258.10995859
 -198232.00817242 -194323.0498719  -185543.37728566 -175094.13264234
 -156716.74577039 -119285.930327   -113357.97139797 -109403.58452602
 -116844.91193978 -128299.23872503 -127789.42328165 -123640.89355255
 -121710.64890924 -111539.69060871 -105923.30373676 -112180.9162363
 -122643.82992093 -127030.63947755 -147871.94840566 -162263.75796228
 -176569.19251889 -188702.87644701]
SCORE values:  0.924032857736
LinearRegression(copy_X=True, fit_intercept=True, n_jobs=1, normalize=False)
INTERCEPT:  -1644.68755322
COEFFICIENT shape:  (27,)
COEFFICIENT values:  [  0.00000000e+00   8.22330201e+04  -6.92253325e+04  -7.44743325e+04
  -7.56523325e+04  -6.19403325e+04  -4.46243325e+04  -2.41263325e+04
   2.00796675e+04   6.31826675e+04   8.11896675e+04   5.73686675e+04
   4.65396675e+04   5.12396675e+04   4.02966675e+04   3.74696675e+04
   4.93636675e+04   5.07696675e+04   6.00396675e+04   4.11816675e+04
   2.70976675e+04   7.65667502e+02  -2.50443325e+04  -4.10523325e+04
  -5.90653325e+04  -6.91463325e+04   1.02395474e+00]
SCORE values:  0.95202254739
LinearRegression(copy_X=True, fit_intercept=True, n_jobs=1, normalize=False)
INTERCEPT:  -1822.0185849
COEFFICIENT shape:  (52,)
COEFFICIENT values:  [  0.00000000e+00   8.24032578e+04  -6.92182393e+04  -7.44672393e+04
  -7.56452393e+04  -6.19332393e+04  -4.46172393e+04  -2.41192393e+04
   2.00867607e+04   6.31897607e+04   8.11967607e+04   5.73757607e+04
   4.65467607e+04   5.12467607e+04   4.03037607e+04   3.74767607e+04
   4.93707607e+04   5.07767607e+04   6.00467607e+04   4.11887607e+04
   2.71047607e+04   7.72760743e+02  -2.50372393e+04  -4.10452393e+04
  -5.90582393e+04  -6.91392393e+04   5.80393578e+04  -4.16880535e+04
  -4.81917678e+04  -4.91394821e+04  -4.52043393e+04  -3.63984821e+04
  -2.59230535e+04  -7.51948211e+03   2.99375179e+04   3.58916607e+04
   3.98722322e+04   3.24570893e+04   2.10289465e+04   2.15649465e+04
   2.57396607e+04   2.76960893e+04   3.78932322e+04   4.35358036e+04
   3.73043750e+04   2.46681607e+04   2.03075357e+04  -5.07589257e+02
  -1.48732143e+04  -2.91524643e+04  -4.12599643e+04   1.02454394e+00]
SCORE values:  0.952201896596
SCORE values:  -0.00526154227404
SCORE values:  0.714825230368
SCORE values:  0.804788292532
SCORE values:  0.891837509579
SCORE values:  0.944421546319
SCORE values:  0.950383051077
HIGH 2016-05-26 13:00:00 247195 21.5384628789 ( 475369 467500 452017 ) ( 387529 385792 374370 )
HIGH 2016-05-26 16:00:00 237707 20.8434646658 ( 480545 473861 423740 ) ( 386258 391591 362590 )
HIGH 2016-06-03 07:00:00 203887 43.0162223061 ( 72054 226507 379303 ) ( 59516 165255 249206 )
HIGH 2016-06-03 10:00:00 539384 62.2859650338 ( 459196 499628 446540 ) ( 287583 296292 282105 )
LOW 2016-06-27 09:00:00 -482449 -23.2532773718 ( 428179 548424 615705 ) ( 472534 754079 848144 )
LOW 2016-06-27 12:00:00 -643406 -28.4371052587 ( 550083 532120 536949 ) ( 811485 715857 735216 )
LOW 2016-06-27 15:00:00 -480495 -23.1390006256 ( 526832 536553 532679 ) ( 704750 716936 654873 )
HIGH 2016-06-28 06:00:00 229294 171.021756804 ( 44616 81728 237023 ) ( 9805 26404 97864 )
HIGH 2016-06-28 09:00:00 788195 122.642859921 ( 395060 485189 550621 ) ( 164097 221994 256584 )
HIGH 2016-06-28 12:00:00 837079 132.760734445 ( 503962 484578 479056 ) ( 235925 203018 191574 )
HIGH 2016-06-28 15:00:00 1136728 414.042193601 ( 459313 480168 471791 ) ( 139330 90907 44307 )
HIGH 2016-06-28 18:00:00 849600 1193.14112377 ( 418914 345981 155912 ) ( 35892 27639 7676 )
HIGH 2016-07-21 07:00:00 205498 35.5841924994 ( 99457 259090 424449 ) ( 45040 186606 345852 )
LOW 2016-07-22 10:00:00 -446293 -22.9303057799 ( 490744 531177 478088 ) ( 623985 706193 616124 )
LOW 2016-07-23 14:00:00 -328131 -22.8616675805 ( 376814 367447 362897 ) ( 439326 494575 501388 )
LOW 2016-07-26 15:00:00 -372519 -20.2690063252 ( 477341 498196 489819 ) ( 594554 618245 625076 )
LOW 2016-07-29 10:00:00 -425716 -21.952655826 ( 495251 535684 482595 ) ( 620383 693227 625636 )
LOW 2016-07-30 10:00:00 -318509 -20.452090806 ( 389889 441015 407929 ) ( 489640 567877 499825 )
LOW 2016-07-30 13:00:00 -366483 -24.3334386835 ( 386330 381321 371954 ) ( 455996 510037 540055 )
LOW 2016-07-30 16:00:00 -400544 -27.9967372181 ( 367404 354187 308546 ) ( 530173 484391 416117 )
HIGH 2016-08-01 07:00:00 202682 32.6419980545 ( 105404 267489 450713 ) ( 45414 194406 381104 )
HIGH 2016-08-04 06:00:00 207293 87.2687699445 ( 68252 108471 268104 ) ( 18146 46008 173380 )
HIGH 2016-08-08 06:00:00 205104 82.1915173276 ( 72741 109911 271996 ) ( 13781 43675 192088 )
HIGH 2016-08-08 19:00:00 206727 35.4975359308 ( 407132 217271 164694 ) ( 378551 120999 82820 )
HIGH 2016-08-10 06:00:00 212957 86.6577142973 ( 72749 112683 273270 ) ( 17163 44607 183975 )
HIGH 2016-08-10 19:00:00 227196 41.6245589221 ( 408364 204853 159801 ) ( 347237 118309 80276 )
HIGH 2016-08-11 06:00:00 224270 95.809943694 ( 72759 112978 272611 ) ( 14896 44940 174242 )
HIGH 2016-08-11 19:00:00 226494 43.3579258091 ( 391469 199234 158173 ) ( 327185 118365 76832 )
HIGH 2016-08-12 06:00:00 217364 88.6335370802 ( 73904 117123 271576 ) ( 16250 44746 184243 )
HIGH 2016-08-12 19:00:00 226325 49.7411023151 ( 361294 183166 136871 ) ( 287867 104411 62728 )
HIGH 2016-08-13 07:00:00 201898 50.7166721093 ( 87598 199806 312584 ) ( 30038 118085 249967 )
HIGH 2016-08-16 17:00:00 265802 24.9455668927 ( 503340 450461 377529 ) ( 579651 479830 6047 )
